{"/Users/sowndarya/Desktop/challenge task/challenge-tasks/backend/logger.js": {"path":"/Users/sowndarya/Desktop/challenge task/challenge-tasks/backend/logger.js","statementMap":{"0":{"start":{"line":1,"column":16},"end":{"line":1,"column":34}},"1":{"start":{"line":13,"column":18},"end":{"line":15,"column":4}},"2":{"start":{"line":14,"column":4},"end":{"line":14,"column":58}},"3":{"start":{"line":17,"column":15},"end":{"line":32,"column":2}},"4":{"start":{"line":28,"column":21},"end":{"line":28,"column":72}},"5":{"start":{"line":34,"column":0},"end":{"line":34,"column":24}}},"fnMap":{"0":{"name":"(anonymous_0)","decl":{"start":{"line":13,"column":40},"end":{"line":13,"column":41}},"loc":{"start":{"line":13,"column":82},"end":{"line":15,"column":3}},"line":13},"1":{"name":"(anonymous_1)","decl":{"start":{"line":28,"column":11},"end":{"line":28,"column":12}},"loc":{"start":{"line":28,"column":21},"end":{"line":28,"column":72}},"line":28}},"branchMap":{},"s":{"0":2,"1":2,"2":0,"3":2,"4":0,"5":2},"f":{"0":0,"1":0},"b":{},"_coverageSchema":"1a1c01bbd47fc00a2c39e90264f33305004495a9","hash":"e2e37b440dc0147e2a5b654bb51ae038abe2a83e"}
,"/Users/sowndarya/Desktop/challenge task/challenge-tasks/backend/controllers/userInfo.controller.js": {"path":"/Users/sowndarya/Desktop/challenge task/challenge-tasks/backend/controllers/userInfo.controller.js","statementMap":{"0":{"start":{"line":1,"column":15},"end":{"line":1,"column":38}},"1":{"start":{"line":2,"column":41},"end":{"line":2,"column":79}},"2":{"start":{"line":12,"column":4},"end":{"line":31,"column":5}},"3":{"start":{"line":13,"column":26},"end":{"line":13,"column":46}},"4":{"start":{"line":14,"column":9},"end":{"line":19,"column":10}},"5":{"start":{"line":15,"column":23},"end":{"line":17,"column":13}},"6":{"start":{"line":18,"column":12},"end":{"line":18,"column":39}},"7":{"start":{"line":20,"column":8},"end":{"line":23,"column":13}},"8":{"start":{"line":26,"column":8},"end":{"line":26,"column":63}},"9":{"start":{"line":27,"column":8},"end":{"line":30,"column":13}},"10":{"start":{"line":34,"column":4},"end":{"line":48,"column":5}},"11":{"start":{"line":36,"column":20},"end":{"line":36,"column":39}},"12":{"start":{"line":37,"column":8},"end":{"line":40,"column":13}},"13":{"start":{"line":43,"column":8},"end":{"line":43,"column":63}},"14":{"start":{"line":44,"column":8},"end":{"line":47,"column":13}},"15":{"start":{"line":50,"column":0},"end":{"line":53,"column":1}}},"fnMap":{"0":{"name":"insertChallengers","decl":{"start":{"line":11,"column":15},"end":{"line":11,"column":32}},"loc":{"start":{"line":11,"column":41},"end":{"line":32,"column":1}},"line":11},"1":{"name":"getChallengers","decl":{"start":{"line":33,"column":15},"end":{"line":33,"column":29}},"loc":{"start":{"line":33,"column":38},"end":{"line":49,"column":1}},"line":33}},"branchMap":{},"s":{"0":1,"1":1,"2":1,"3":1,"4":1,"5":2,"6":2,"7":1,"8":0,"9":0,"10":1,"11":1,"12":1,"13":0,"14":0,"15":1},"f":{"0":1,"1":1},"b":{},"_coverageSchema":"1a1c01bbd47fc00a2c39e90264f33305004495a9","hash":"2f27b3fa17627f082c76837e2f80ac12e27eb79b"}
,"/Users/sowndarya/Desktop/challenge task/challenge-tasks/backend/controllers/videos.controller.js": {"path":"/Users/sowndarya/Desktop/challenge task/challenge-tasks/backend/controllers/videos.controller.js","statementMap":{"0":{"start":{"line":1,"column":15},"end":{"line":1,"column":38}},"1":{"start":{"line":2,"column":15},"end":{"line":2,"column":41}},"2":{"start":{"line":3,"column":35},"end":{"line":3,"column":71}},"3":{"start":{"line":13,"column":4},"end":{"line":35,"column":5}},"4":{"start":{"line":14,"column":19},"end":{"line":14,"column":33}},"5":{"start":{"line":15,"column":8},"end":{"line":20,"column":9}},"6":{"start":{"line":16,"column":12},"end":{"line":19,"column":17}},"7":{"start":{"line":21,"column":30},"end":{"line":21,"column":63}},"8":{"start":{"line":22,"column":19},"end":{"line":22,"column":49}},"9":{"start":{"line":24,"column":8},"end":{"line":27,"column":13}},"10":{"start":{"line":30,"column":8},"end":{"line":30,"column":64}},"11":{"start":{"line":31,"column":8},"end":{"line":34,"column":13}},"12":{"start":{"line":46,"column":4},"end":{"line":68,"column":5}},"13":{"start":{"line":47,"column":29},"end":{"line":47,"column":37}},"14":{"start":{"line":48,"column":30},"end":{"line":48,"column":63}},"15":{"start":{"line":49,"column":7},"end":{"line":56,"column":8}},"16":{"start":{"line":50,"column":23},"end":{"line":54,"column":9}},"17":{"start":{"line":55,"column":9},"end":{"line":55,"column":37}},"18":{"start":{"line":57,"column":8},"end":{"line":60,"column":13}},"19":{"start":{"line":63,"column":8},"end":{"line":63,"column":64}},"20":{"start":{"line":64,"column":8},"end":{"line":67,"column":13}},"21":{"start":{"line":71,"column":0},"end":{"line":74,"column":2}}},"fnMap":{"0":{"name":"getChallenges","decl":{"start":{"line":12,"column":15},"end":{"line":12,"column":28}},"loc":{"start":{"line":12,"column":37},"end":{"line":36,"column":1}},"line":12},"1":{"name":"postChallenges","decl":{"start":{"line":45,"column":15},"end":{"line":45,"column":29}},"loc":{"start":{"line":45,"column":38},"end":{"line":69,"column":1}},"line":45}},"branchMap":{"0":{"loc":{"start":{"line":15,"column":8},"end":{"line":20,"column":9}},"type":"if","locations":[{"start":{"line":15,"column":8},"end":{"line":20,"column":9}},{"start":{},"end":{}}],"line":15}},"s":{"0":1,"1":1,"2":1,"3":1,"4":1,"5":1,"6":1,"7":1,"8":1,"9":1,"10":0,"11":0,"12":1,"13":1,"14":1,"15":1,"16":2,"17":2,"18":1,"19":0,"20":0,"21":1},"f":{"0":1,"1":1},"b":{"0":[1,0]},"_coverageSchema":"1a1c01bbd47fc00a2c39e90264f33305004495a9","hash":"b473d1cdd23968d64ea2c0984369028de2a2a781"}
}
