TN:
SF:logger.js
FN:13,(anonymous_0)
FN:28,(anonymous_1)
FNF:2
FNH:0
FNDA:0,(anonymous_0)
FNDA:0,(anonymous_1)
DA:1,2
DA:13,2
DA:14,0
DA:17,2
DA:28,0
DA:34,2
LF:6
LH:4
BRF:0
BRH:0
end_of_record
TN:
SF:controllers/userInfo.controller.js
FN:11,insertChallengers
FN:33,getChallengers
FNF:2
FNH:2
FNDA:1,insertChallengers
FNDA:1,getChallengers
DA:1,1
DA:2,1
DA:12,1
DA:13,1
DA:14,1
DA:15,2
DA:18,2
DA:20,1
DA:26,0
DA:27,0
DA:34,1
DA:36,1
DA:37,1
DA:43,0
DA:44,0
DA:50,1
LF:16
LH:12
BRF:0
BRH:0
end_of_record
TN:
SF:controllers/videos.controller.js
FN:12,getChallenges
FN:45,postChallenges
FNF:2
FNH:2
FNDA:1,getChallenges
FNDA:1,postChallenges
DA:1,1
DA:2,1
DA:3,1
DA:13,1
DA:14,1
DA:15,1
DA:16,1
DA:21,1
DA:22,1
DA:24,1
DA:30,0
DA:31,0
DA:46,1
DA:47,1
DA:48,1
DA:49,1
DA:50,2
DA:55,2
DA:57,1
DA:63,0
DA:64,0
DA:71,1
LF:22
LH:18
BRDA:15,0,0,1
BRDA:15,0,1,0
BRF:2
BRH:1
end_of_record
